c:\users\turinig\desktop\rtc3d client for customers\src\rtc3d\test\x64\debug\rtc3dclient.bsc
c:\users\turinig\desktop\rtc3d client for customers\src\rtc3d\client\x64\debug\vc120.pdb
c:\users\turinig\desktop\rtc3d client for customers\src\rtc3d\client\x64\debug\c3dframe.sbr
c:\users\turinig\desktop\rtc3d client for customers\src\rtc3d\client\x64\debug\freezetag.sbr
c:\users\turinig\desktop\rtc3d client for customers\src\rtc3d\client\x64\debug\rtc3dclient.sbr
c:\users\turinig\desktop\rtc3d client for customers\src\rtc3d\client\x64\debug\utils.sbr
c:\users\turinig\desktop\rtc3d client for customers\src\rtc3d\client\x64\debug\utils.obj
c:\users\turinig\desktop\rtc3d client for customers\src\rtc3d\client\x64\debug\rtc3dclient.obj
c:\users\turinig\desktop\rtc3d client for customers\src\rtc3d\client\x64\debug\freezetag.obj
c:\users\turinig\desktop\rtc3d client for customers\src\rtc3d\client\x64\debug\c3dframe.obj
c:\users\turinig\desktop\rtc3d client for customers\src\rtc3d\test\x64\debug\rtc3dclientd.dll
c:\users\turinig\desktop\rtc3d client for customers\src\rtc3d\test\x64\debug\rtc3dclient.pdb
c:\users\turinig\desktop\rtc3d client for customers\src\rtc3d\test\x64\debug\rtc3dclient.lib
c:\users\turinig\desktop\rtc3d client for customers\src\rtc3d\test\x64\debug\rtc3dclient.exp
c:\users\turinig\desktop\rtc3d client for customers\src\rtc3d\client\x64\debug\rtc3dclient.tlog\bscmake.command.1.tlog
c:\users\turinig\desktop\rtc3d client for customers\src\rtc3d\client\x64\debug\rtc3dclient.tlog\bscmake.read.1.tlog
c:\users\turinig\desktop\rtc3d client for customers\src\rtc3d\client\x64\debug\rtc3dclient.tlog\bscmake.write.1.tlog
c:\users\turinig\desktop\rtc3d client for customers\src\rtc3d\client\x64\debug\rtc3dclient.tlog\cl.command.1.tlog
c:\users\turinig\desktop\rtc3d client for customers\src\rtc3d\client\x64\debug\rtc3dclient.tlog\cl.read.1.tlog
c:\users\turinig\desktop\rtc3d client for customers\src\rtc3d\client\x64\debug\rtc3dclient.tlog\cl.write.1.tlog
c:\users\turinig\desktop\rtc3d client for customers\src\rtc3d\client\x64\debug\rtc3dclient.tlog\link.command.1.tlog
c:\users\turinig\desktop\rtc3d client for customers\src\rtc3d\client\x64\debug\rtc3dclient.tlog\link.read.1.tlog
c:\users\turinig\desktop\rtc3d client for customers\src\rtc3d\client\x64\debug\rtc3dclient.tlog\link.write.1.tlog
c:\users\turinig\desktop\rtc3d client for customers\src\rtc3d\client\x64\debug\rtc3dclient.tlog\rtc3dclient.write.1u.tlog
